build/app/intermediates/manifest_merge_blame_file/release/manifest-merger-blame-release-report.txt
1<?xml version="1.0" encoding="utf-8"?>
2<manifest xmlns:android="http://schemas.android.com/apk/res/android"
3    package="com.mothering.leads"
4    android:versionCode="3"
5    android:versionName="1.0.2" >
6
7    <uses-sdk
8        android:minSdkVersion="20"
8-->src\main\AndroidManifest.xml
9        android:targetSdkVersion="33" />
9-->src\main\AndroidManifest.xml
10
11    <queries>
11-->src\main\AndroidManifest.xml:4:5-25:17
12
13        <!-- If your app opens https URLs -->
14        <intent>
14-->src\main\AndroidManifest.xml:6:7-9:16
15            <action android:name="android.intent.action.VIEW" />
15-->src\main\AndroidManifest.xml:7:9-61
15-->src\main\AndroidManifest.xml:7:17-58
16
17            <data android:scheme="https" />
17-->src\main\AndroidManifest.xml:8:15-37
18        </intent>
19        <!-- If your app makes calls -->
20        <intent>
20-->src\main\AndroidManifest.xml:11:7-14:16
21            <action android:name="android.intent.action.DIAL" />
21-->src\main\AndroidManifest.xml:12:9-61
21-->src\main\AndroidManifest.xml:12:17-58
22
23            <data android:scheme="tel" />
23-->src\main\AndroidManifest.xml:8:15-37
24        </intent>
25        <!-- If your sends SMS messages -->
26        <intent>
26-->src\main\AndroidManifest.xml:16:7-19:16
27            <action android:name="android.intent.action.SENDTO" />
27-->src\main\AndroidManifest.xml:17:9-63
27-->src\main\AndroidManifest.xml:17:17-60
28
29            <data android:scheme="smsto" />
29-->src\main\AndroidManifest.xml:8:15-37
30        </intent>
31        <!-- If your app sends emails -->
32        <intent>
32-->src\main\AndroidManifest.xml:21:7-24:16
33            <action android:name="android.intent.action.SEND" />
33-->src\main\AndroidManifest.xml:22:9-61
33-->src\main\AndroidManifest.xml:22:17-58
34
35            <data android:mimeType="*/*" />
35-->src\main\AndroidManifest.xml:23:15-37
36        </intent>
37        <intent>
37-->[:flutter_downloader] AndroidManifest.xml:11:9-13:18
38            <action android:name="android.intent.action.VIEW" />
38-->src\main\AndroidManifest.xml:7:9-61
38-->src\main\AndroidManifest.xml:7:17-58
39        </intent>
40        <intent>
40-->[:flutter_inappwebview] AndroidManifest.xml:10:9-12:18
41            <action android:name="android.support.customtabs.action.CustomTabsService" />
41-->[:flutter_inappwebview] AndroidManifest.xml:11:13-90
41-->[:flutter_inappwebview] AndroidManifest.xml:11:21-87
42        </intent> <!-- For browser content -->
43        <intent>
43-->[com.google.android.gms:play-services-ads-lite:20.6.0] AndroidManifest.xml:31:9-37:18
44            <action android:name="android.intent.action.VIEW" />
44-->src\main\AndroidManifest.xml:7:9-61
44-->src\main\AndroidManifest.xml:7:17-58
45
46            <category android:name="android.intent.category.BROWSABLE" />
46-->src\main\AndroidManifest.xml:95:17-78
46-->src\main\AndroidManifest.xml:95:27-75
47
48            <data android:scheme="https" />
48-->src\main\AndroidManifest.xml:8:15-37
49        </intent>
50    </queries>
51
52    <uses-permission android:name="android.permission.INTERNET" /> <!-- this is mandatory -->
52-->src\main\AndroidManifest.xml:26:7-69
52-->src\main\AndroidManifest.xml:26:24-66
53    <uses-permission android:name="android.permission.ACCESS_NETWORK_STATE" />
53-->src\main\AndroidManifest.xml:27:7-81
53-->src\main\AndroidManifest.xml:27:24-78
54
55    <!-- start remove permissions from below list if not using in your website -->
56    <uses-permission android:name="android.permission.FOREGROUND_SERVICE" />
56-->src\main\AndroidManifest.xml:30:7-79
56-->src\main\AndroidManifest.xml:30:24-76
57    <uses-permission android:name="android.permission.WRITE_EXTERNAL_STORAGE" />
57-->src\main\AndroidManifest.xml:31:7-82
57-->src\main\AndroidManifest.xml:31:24-80
58    <uses-permission android:name="android.permission.ACCESS_WIFI_STATE" />
58-->src\main\AndroidManifest.xml:32:7-78
58-->src\main\AndroidManifest.xml:32:24-75
59    <uses-permission android:name="android.permission.CAMERA" />
59-->src\main\AndroidManifest.xml:33:7-67
59-->src\main\AndroidManifest.xml:33:24-64
60
61    <uses-feature android:name="android.hardware.camera" />
61-->src\main\AndroidManifest.xml:34:7-62
61-->src\main\AndroidManifest.xml:34:21-59
62
63    <uses-permission android:name="android.permission.RECORD_AUDIO" />
63-->src\main\AndroidManifest.xml:35:7-73
63-->src\main\AndroidManifest.xml:35:24-70
64    <uses-permission android:name="android.permission.MODIFY_AUDIO_SETTINGS" />
64-->src\main\AndroidManifest.xml:36:7-82
64-->src\main\AndroidManifest.xml:36:24-79
65    <uses-permission android:name="android.permission.VIDEO_CAPTURE" />
65-->src\main\AndroidManifest.xml:37:7-74
65-->src\main\AndroidManifest.xml:37:24-71
66    <uses-permission android:name="android.permission.AUDIO_CAPTURE" />
66-->src\main\AndroidManifest.xml:38:7-74
66-->src\main\AndroidManifest.xml:38:24-71
67    <uses-permission android:name="android.permission.BLUETOOTH" />
67-->src\main\AndroidManifest.xml:39:7-70
67-->src\main\AndroidManifest.xml:39:24-67
68    <!-- location related permissions permission -->
69
70    <uses-permission android:name="android.permission.ACCESS_COARSE_LOCATION" />
70-->src\main\AndroidManifest.xml:42:7-83
70-->src\main\AndroidManifest.xml:42:24-80
71    <!-- Include only if your app benefits from precise location access. -->
72    <uses-permission android:name="android.permission.ACCESS_FINE_LOCATION" />
72-->src\main\AndroidManifest.xml:44:7-81
72-->src\main\AndroidManifest.xml:44:24-78
73    <!--
74           Required only when requesting background location access on
75          Android 10 (API level 29) and higher.
76    -->
77    <uses-permission android:name="android.permission.ACCESS_BACKGROUND_LOCATION" />
77-->src\main\AndroidManifest.xml:47:7-87
77-->src\main\AndroidManifest.xml:47:24-84
78    <uses-permission android:name="android.permission.RECEIVE_BOOT_COMPLETED" />
78-->[:flutter_local_notifications] AndroidManifest.xml:9:5-81
78-->[:flutter_local_notifications] AndroidManifest.xml:9:22-78
79    <uses-permission android:name="android.permission.VIBRATE" />
79-->[:flutter_local_notifications] AndroidManifest.xml:10:5-66
79-->[:flutter_local_notifications] AndroidManifest.xml:10:22-63
80    <uses-permission android:name="android.permission.USE_FULL_SCREEN_INTENT" />
80-->[:flutter_local_notifications] AndroidManifest.xml:11:5-81
80-->[:flutter_local_notifications] AndroidManifest.xml:11:22-78
81    <uses-permission android:name="android.permission.SCHEDULE_EXACT_ALARM" />
81-->[:flutter_local_notifications] AndroidManifest.xml:12:5-79
81-->[:flutter_local_notifications] AndroidManifest.xml:12:22-76
82    <uses-permission android:name="android.permission.POST_NOTIFICATIONS" /> <!-- Create a unique permission for your app and use it so only your app can receive your OneSignal messages. -->
82-->[:flutter_downloader] AndroidManifest.xml:16:5-77
82-->[:flutter_downloader] AndroidManifest.xml:16:22-74
83    <permission
83-->[com.onesignal:OneSignal:4.8.2] AndroidManifest.xml:7:5-9:47
84        android:name="com.mothering.leads.permission.C2D_MESSAGE"
84-->[com.onesignal:OneSignal:4.8.2] AndroidManifest.xml:8:9-63
85        android:protectionLevel="signature" />
85-->[com.onesignal:OneSignal:4.8.2] AndroidManifest.xml:9:9-44
86
87    <uses-permission android:name="com.mothering.leads.permission.C2D_MESSAGE" /> <!-- c2dm RECEIVE are basic requirements for push messages through Google's FCM -->
87-->[com.onesignal:OneSignal:4.8.2] AndroidManifest.xml:11:5-79
87-->[com.onesignal:OneSignal:4.8.2] AndroidManifest.xml:11:22-76
88    <uses-permission android:name="com.google.android.c2dm.permission.RECEIVE" /> <!-- Required, makes sure notifications are delivered on time. -->
88-->[com.onesignal:OneSignal:4.8.2] AndroidManifest.xml:18:5-82
88-->[com.onesignal:OneSignal:4.8.2] AndroidManifest.xml:18:22-79
89    <uses-permission android:name="android.permission.WAKE_LOCK" /> <!-- START: ShortcutBadger -->
89-->[com.onesignal:OneSignal:4.8.2] AndroidManifest.xml:19:5-68
89-->[com.onesignal:OneSignal:4.8.2] AndroidManifest.xml:19:22-65
90    <!-- Samsung -->
91    <uses-permission android:name="com.sec.android.provider.badge.permission.READ" />
91-->[com.onesignal:OneSignal:4.8.2] AndroidManifest.xml:32:5-86
91-->[com.onesignal:OneSignal:4.8.2] AndroidManifest.xml:32:22-83
92    <uses-permission android:name="com.sec.android.provider.badge.permission.WRITE" /> <!-- HTC -->
92-->[com.onesignal:OneSignal:4.8.2] AndroidManifest.xml:33:5-87
92-->[com.onesignal:OneSignal:4.8.2] AndroidManifest.xml:33:22-84
93    <uses-permission android:name="com.htc.launcher.permission.READ_SETTINGS" />
93-->[com.onesignal:OneSignal:4.8.2] AndroidManifest.xml:34:5-81
93-->[com.onesignal:OneSignal:4.8.2] AndroidManifest.xml:34:22-78
94    <uses-permission android:name="com.htc.launcher.permission.UPDATE_SHORTCUT" /> <!-- Sony -->
94-->[com.onesignal:OneSignal:4.8.2] AndroidManifest.xml:35:5-83
94-->[com.onesignal:OneSignal:4.8.2] AndroidManifest.xml:35:22-80
95    <uses-permission android:name="com.sonyericsson.home.permission.BROADCAST_BADGE" />
95-->[com.onesignal:OneSignal:4.8.2] AndroidManifest.xml:36:5-88
95-->[com.onesignal:OneSignal:4.8.2] AndroidManifest.xml:36:22-85
96    <uses-permission android:name="com.sonymobile.home.permission.PROVIDER_INSERT_BADGE" /> <!-- Apex -->
96-->[com.onesignal:OneSignal:4.8.2] AndroidManifest.xml:37:5-92
96-->[com.onesignal:OneSignal:4.8.2] AndroidManifest.xml:37:22-89
97    <uses-permission android:name="com.anddoes.launcher.permission.UPDATE_COUNT" /> <!-- Solid -->
97-->[com.onesignal:OneSignal:4.8.2] AndroidManifest.xml:38:5-84
97-->[com.onesignal:OneSignal:4.8.2] AndroidManifest.xml:38:22-81
98    <uses-permission android:name="com.majeur.launcher.permission.UPDATE_BADGE" /> <!-- Huawei -->
98-->[com.onesignal:OneSignal:4.8.2] AndroidManifest.xml:39:5-83
98-->[com.onesignal:OneSignal:4.8.2] AndroidManifest.xml:39:22-80
99    <uses-permission android:name="com.huawei.android.launcher.permission.CHANGE_BADGE" />
99-->[com.onesignal:OneSignal:4.8.2] AndroidManifest.xml:40:5-91
99-->[com.onesignal:OneSignal:4.8.2] AndroidManifest.xml:40:22-88
100    <uses-permission android:name="com.huawei.android.launcher.permission.READ_SETTINGS" />
100-->[com.onesignal:OneSignal:4.8.2] AndroidManifest.xml:41:5-92
100-->[com.onesignal:OneSignal:4.8.2] AndroidManifest.xml:41:22-89
101    <uses-permission android:name="com.huawei.android.launcher.permission.WRITE_SETTINGS" /> <!-- ZUK -->
101-->[com.onesignal:OneSignal:4.8.2] AndroidManifest.xml:42:5-93
101-->[com.onesignal:OneSignal:4.8.2] AndroidManifest.xml:42:22-90
102    <uses-permission android:name="android.permission.READ_APP_BADGE" /> <!-- OPPO -->
102-->[com.onesignal:OneSignal:4.8.2] AndroidManifest.xml:43:5-73
102-->[com.onesignal:OneSignal:4.8.2] AndroidManifest.xml:43:22-70
103    <uses-permission android:name="com.oppo.launcher.permission.READ_SETTINGS" />
103-->[com.onesignal:OneSignal:4.8.2] AndroidManifest.xml:44:5-82
103-->[com.onesignal:OneSignal:4.8.2] AndroidManifest.xml:44:22-79
104    <uses-permission android:name="com.oppo.launcher.permission.WRITE_SETTINGS" /> <!-- EvMe -->
104-->[com.onesignal:OneSignal:4.8.2] AndroidManifest.xml:45:5-83
104-->[com.onesignal:OneSignal:4.8.2] AndroidManifest.xml:45:22-80
105    <uses-permission android:name="me.everything.badger.permission.BADGE_COUNT_READ" />
105-->[com.onesignal:OneSignal:4.8.2] AndroidManifest.xml:46:5-88
105-->[com.onesignal:OneSignal:4.8.2] AndroidManifest.xml:46:22-85
106    <uses-permission android:name="me.everything.badger.permission.BADGE_COUNT_WRITE" />
106-->[com.onesignal:OneSignal:4.8.2] AndroidManifest.xml:47:5-89
106-->[com.onesignal:OneSignal:4.8.2] AndroidManifest.xml:47:22-86
107    <uses-permission android:name="com.google.android.gms.permission.AD_ID" />
107-->[com.google.android.gms:play-services-ads-lite:20.6.0] AndroidManifest.xml:25:5-79
107-->[com.google.android.gms:play-services-ads-lite:20.6.0] AndroidManifest.xml:25:22-76
108
109    <permission
109-->[androidx.core:core:1.9.0] AndroidManifest.xml:22:5-24:47
110        android:name="com.mothering.leads.DYNAMIC_RECEIVER_NOT_EXPORTED_PERMISSION"
110-->[androidx.core:core:1.9.0] AndroidManifest.xml:23:9-81
111        android:protectionLevel="signature" />
111-->[androidx.core:core:1.9.0] AndroidManifest.xml:24:9-44
112
113    <uses-permission android:name="com.mothering.leads.DYNAMIC_RECEIVER_NOT_EXPORTED_PERMISSION" /> <!-- end remove permissions from  list if not using in your website -->
113-->[androidx.core:core:1.9.0] AndroidManifest.xml:26:5-97
113-->[androidx.core:core:1.9.0] AndroidManifest.xml:26:22-94
114    <application
115        android:name="android.app.Application"
115-->src\main\AndroidManifest.xml:51:9-42
116        android.usesCleartextTraffic="true"
116-->src\main\AndroidManifest.xml:53:9-44
117        android:appComponentFactory="androidx.core.app.CoreComponentFactory"
117-->[androidx.core:core:1.9.0] AndroidManifest.xml:28:18-86
118        android:icon="@mipmap/ic_launcher"
118-->src\main\AndroidManifest.xml:52:9-43
119        android:label="Mothering Leads"
119-->src\main\AndroidManifest.xml:50:9-40
120        android:requestLegacyExternalStorage="true" > <!-- this tag added to display downloading notification -->
120-->src\main\AndroidManifest.xml:54:9-52
121
122
123        <!-- to allow file permission -->
124        <provider
125            android:name="com.pichillilorenzo.flutter_inappwebview.InAppWebViewFileProvider"
125-->src\main\AndroidManifest.xml:59:11-91
126            android:authorities="com.mothering.leads.flutter_inappwebview.fileprovider"
126-->src\main\AndroidManifest.xml:60:11-83
127            android:exported="false"
127-->src\main\AndroidManifest.xml:61:11-35
128            android:grantUriPermissions="true" >
128-->src\main\AndroidManifest.xml:62:11-45
129            <meta-data
129-->src\main\AndroidManifest.xml:63:11-65:56
130                android:name="android.support.FILE_PROVIDER_PATHS"
130-->src\main\AndroidManifest.xml:64:15-65
131                android:resource="@xml/provider_paths" />
131-->src\main\AndroidManifest.xml:65:15-53
132        </provider>
133
134        <activity
134-->src\main\AndroidManifest.xml:67:9-99:20
135            android:name="com.wrteam.prime_web.MainActivity"
135-->src\main\AndroidManifest.xml:68:13-41
136            android:configChanges="orientation|keyboardHidden|keyboard|screenSize|smallestScreenSize|locale|layoutDirection|fontScale|screenLayout|density|uiMode"
136-->src\main\AndroidManifest.xml:72:13-163
137            android:exported="true"
137-->src\main\AndroidManifest.xml:69:13-36
138            android:hardwareAccelerated="true"
138-->src\main\AndroidManifest.xml:73:13-47
139            android:launchMode="singleTop"
139-->src\main\AndroidManifest.xml:70:13-43
140            android:theme="@style/LaunchTheme"
140-->src\main\AndroidManifest.xml:71:13-47
141            android:turnScreenOn="true"
141-->src\main\AndroidManifest.xml:76:13-40
142            android:windowSoftInputMode="adjustResize" >
142-->src\main\AndroidManifest.xml:74:13-55
143
144            <!--
145                 Specifies an Android theme to apply to this Activity as soon as
146                 the Android process has started. This theme is visible to the user
147                 while the Flutter UI initializes. After that, this theme continues
148                 to determine the Window background behind the Flutter UI.
149            -->
150            <meta-data
150-->src\main\AndroidManifest.xml:81:13-84:17
151                android:name="io.flutter.embedding.android.NormalTheme"
151-->src\main\AndroidManifest.xml:82:15-70
152                android:resource="@style/NormalTheme" />
152-->src\main\AndroidManifest.xml:83:15-52
153
154            <intent-filter>
154-->src\main\AndroidManifest.xml:85:13-88:29
155                <action android:name="android.intent.action.MAIN" />
155-->src\main\AndroidManifest.xml:86:17-68
155-->src\main\AndroidManifest.xml:86:25-66
156
157                <category android:name="android.intent.category.LAUNCHER" />
157-->src\main\AndroidManifest.xml:87:17-76
157-->src\main\AndroidManifest.xml:87:27-74
158            </intent-filter>
159
160            <!-- Deep linking -->
161            <meta-data
161-->src\main\AndroidManifest.xml:91:13-90
162                android:name="flutter_deeplinking_enabled"
162-->src\main\AndroidManifest.xml:91:24-66
163                android:value="true" />
163-->src\main\AndroidManifest.xml:91:67-87
164
165            <intent-filter android:autoVerify="true" >
165-->src\main\AndroidManifest.xml:92:13-98:29
165-->src\main\AndroidManifest.xml:92:28-53
166                <action android:name="android.intent.action.VIEW" />
166-->src\main\AndroidManifest.xml:7:9-61
166-->src\main\AndroidManifest.xml:7:17-58
167
168                <category android:name="android.intent.category.DEFAULT" />
168-->src\main\AndroidManifest.xml:94:17-76
168-->src\main\AndroidManifest.xml:94:27-73
169                <category android:name="android.intent.category.BROWSABLE" />
169-->src\main\AndroidManifest.xml:95:17-78
169-->src\main\AndroidManifest.xml:95:27-75
170
171                <data
172                    android:host="android.app.Application"
172-->src\main\AndroidManifest.xml:96:45-78
173                    android:pathPrefix="/"
173-->src\main\AndroidManifest.xml:96:79-101
174                    android:scheme="http" />
174-->src\main\AndroidManifest.xml:8:15-37
175                <data android:scheme="https" />
175-->src\main\AndroidManifest.xml:8:15-37
176            </intent-filter>
177        </activity>
178        <!--
179             Don't delete the meta-data below.
180             This is used by the Flutter tool to generate GeneratedPluginRegistrant.java
181        -->
182        <meta-data
182-->src\main\AndroidManifest.xml:102:9-104:33
183            android:name="flutterEmbedding"
183-->src\main\AndroidManifest.xml:103:13-44
184            android:value="2" />
184-->src\main\AndroidManifest.xml:104:13-30
185
186        <!-- Sample AdMob app ID: ca-app-pub-3940256099942544~3347511713 -->
187        <meta-data
187-->src\main\AndroidManifest.xml:107:9-109:69
188            android:name="com.google.android.gms.ads.APPLICATION_ID"
188-->src\main\AndroidManifest.xml:108:13-69
189            android:value="ca-app-pub-3940256099942544~3347511713" />
189-->src\main\AndroidManifest.xml:109:13-67
190        <meta-data
190-->src\main\AndroidManifest.xml:110:9-112:64
191            android:name="com.onesignal.messaging.default_notification_icon"
191-->src\main\AndroidManifest.xml:111:9-73
192            android:resource="@mipmap/ic_stat_onesignal_default" />
192-->src\main\AndroidManifest.xml:112:9-61
193        <meta-data
193-->src\main\AndroidManifest.xml:113:9-115:34
194            android:name="com.onesignal.NotificationAccentColor.DEFAULT"
194-->src\main\AndroidManifest.xml:114:9-69
195            android:value="FFFFFF" />
195-->src\main\AndroidManifest.xml:115:9-31
196        <!--
197below line Allows you to handle programmatically.
198Setting the value to false will launch the url in a browser.
199        -->
200        <meta-data
200-->src\main\AndroidManifest.xml:118:9-90
201            android:name="com.onesignal.suppressLaunchURLs"
201-->src\main\AndroidManifest.xml:118:20-67
202            android:value="true" />
202-->src\main\AndroidManifest.xml:118:68-88
203        <!-- end -->
204        <receiver
204-->[:flutter_local_notifications] AndroidManifest.xml:15:9-17:40
205            android:name="com.dexterous.flutterlocalnotifications.ScheduledNotificationReceiver"
205-->[:flutter_local_notifications] AndroidManifest.xml:16:13-97
206            android:exported="false" />
206-->[:flutter_local_notifications] AndroidManifest.xml:17:13-37
207        <receiver
207-->[:flutter_local_notifications] AndroidManifest.xml:18:9-27:20
208            android:name="com.dexterous.flutterlocalnotifications.ScheduledNotificationBootReceiver"
208-->[:flutter_local_notifications] AndroidManifest.xml:19:13-101
209            android:exported="false" >
209-->[:flutter_local_notifications] AndroidManifest.xml:20:13-37
210            <intent-filter>
210-->[:flutter_local_notifications] AndroidManifest.xml:21:13-26:29
211                <action android:name="android.intent.action.BOOT_COMPLETED" />
211-->[:flutter_local_notifications] AndroidManifest.xml:22:17-79
211-->[:flutter_local_notifications] AndroidManifest.xml:22:25-76
212                <action android:name="android.intent.action.MY_PACKAGE_REPLACED" />
212-->[:flutter_local_notifications] AndroidManifest.xml:23:17-84
212-->[:flutter_local_notifications] AndroidManifest.xml:23:25-81
213                <action android:name="android.intent.action.QUICKBOOT_POWERON" />
213-->[:flutter_local_notifications] AndroidManifest.xml:24:17-82
213-->[:flutter_local_notifications] AndroidManifest.xml:24:25-79
214                <action android:name="com.htc.intent.action.QUICKBOOT_POWERON" />
214-->[:flutter_local_notifications] AndroidManifest.xml:25:17-82
214-->[:flutter_local_notifications] AndroidManifest.xml:25:25-79
215            </intent-filter>
216        </receiver>
217
218        <activity
218-->[:url_launcher_android] AndroidManifest.xml:10:9-13:74
219            android:name="io.flutter.plugins.urllauncher.WebViewActivity"
219-->[:url_launcher_android] AndroidManifest.xml:11:13-74
220            android:exported="false"
220-->[:url_launcher_android] AndroidManifest.xml:12:13-37
221            android:theme="@android:style/Theme.NoTitleBar.Fullscreen" />
221-->[:url_launcher_android] AndroidManifest.xml:13:13-71
222        <activity
222-->[:flutter_inappwebview] AndroidManifest.xml:16:9-20:47
223            android:name="com.pichillilorenzo.flutter_inappwebview.in_app_browser.InAppBrowserActivity"
223-->[:flutter_inappwebview] AndroidManifest.xml:17:13-104
224            android:configChanges="orientation|keyboardHidden|keyboard|screenSize|locale|layoutDirection|fontScale|screenLayout|density"
224-->[:flutter_inappwebview] AndroidManifest.xml:18:13-137
225            android:exported="false"
225-->[:flutter_inappwebview] AndroidManifest.xml:19:13-37
226            android:theme="@style/AppTheme" />
226-->[:flutter_inappwebview] AndroidManifest.xml:20:13-44
227        <activity
227-->[:flutter_inappwebview] AndroidManifest.xml:21:9-24:55
228            android:name="com.pichillilorenzo.flutter_inappwebview.chrome_custom_tabs.ChromeCustomTabsActivity"
228-->[:flutter_inappwebview] AndroidManifest.xml:22:13-112
229            android:exported="false"
229-->[:flutter_inappwebview] AndroidManifest.xml:23:13-37
230            android:theme="@style/ThemeTransparent" />
230-->[:flutter_inappwebview] AndroidManifest.xml:24:13-52
231        <activity
231-->[:flutter_inappwebview] AndroidManifest.xml:25:9-28:55
232            android:name="com.pichillilorenzo.flutter_inappwebview.chrome_custom_tabs.TrustedWebActivity"
232-->[:flutter_inappwebview] AndroidManifest.xml:26:13-106
233            android:exported="false"
233-->[:flutter_inappwebview] AndroidManifest.xml:27:13-37
234            android:theme="@style/ThemeTransparent" />
234-->[:flutter_inappwebview] AndroidManifest.xml:28:13-52
235        <activity
235-->[:flutter_inappwebview] AndroidManifest.xml:29:9-33:55
236            android:name="com.pichillilorenzo.flutter_inappwebview.chrome_custom_tabs.ChromeCustomTabsActivitySingleInstance"
236-->[:flutter_inappwebview] AndroidManifest.xml:30:13-126
237            android:exported="false"
237-->[:flutter_inappwebview] AndroidManifest.xml:31:13-37
238            android:launchMode="singleInstance"
238-->[:flutter_inappwebview] AndroidManifest.xml:32:13-48
239            android:theme="@style/ThemeTransparent" />
239-->[:flutter_inappwebview] AndroidManifest.xml:33:13-52
240        <activity
240-->[:flutter_inappwebview] AndroidManifest.xml:34:9-38:55
241            android:name="com.pichillilorenzo.flutter_inappwebview.chrome_custom_tabs.TrustedWebActivitySingleInstance"
241-->[:flutter_inappwebview] AndroidManifest.xml:35:13-120
242            android:exported="false"
242-->[:flutter_inappwebview] AndroidManifest.xml:36:13-37
243            android:launchMode="singleInstance"
243-->[:flutter_inappwebview] AndroidManifest.xml:37:13-48
244            android:theme="@style/ThemeTransparent" />
244-->[:flutter_inappwebview] AndroidManifest.xml:38:13-52
245
246        <receiver
246-->[:flutter_inappwebview] AndroidManifest.xml:40:9-43:40
247            android:name="com.pichillilorenzo.flutter_inappwebview.chrome_custom_tabs.ActionBroadcastReceiver"
247-->[:flutter_inappwebview] AndroidManifest.xml:41:13-111
248            android:enabled="true"
248-->[:flutter_inappwebview] AndroidManifest.xml:42:13-35
249            android:exported="false" />
249-->[:flutter_inappwebview] AndroidManifest.xml:43:13-37
250
251        <meta-data
251-->[:flutter_inappwebview] AndroidManifest.xml:45:9-47:36
252            android:name="io.flutter.embedded_views_preview"
252-->[:flutter_inappwebview] AndroidManifest.xml:46:13-61
253            android:value="true" />
253-->[:flutter_inappwebview] AndroidManifest.xml:47:13-33
254
255        <provider
255-->[:share_plus] AndroidManifest.xml:10:9-18:20
256            android:name="dev.fluttercommunity.plus.share.ShareFileProvider"
256-->[:share_plus] AndroidManifest.xml:11:13-77
257            android:authorities="com.mothering.leads.flutter.share_provider"
257-->[:share_plus] AndroidManifest.xml:12:13-74
258            android:exported="false"
258-->[:share_plus] AndroidManifest.xml:13:13-37
259            android:grantUriPermissions="true" >
259-->[:share_plus] AndroidManifest.xml:14:13-47
260            <meta-data
260-->src\main\AndroidManifest.xml:63:11-65:56
261                android:name="android.support.FILE_PROVIDER_PATHS"
261-->src\main\AndroidManifest.xml:64:15-65
262                android:resource="@xml/flutter_share_file_paths" />
262-->src\main\AndroidManifest.xml:65:15-53
263        </provider>
264
265        <receiver
265-->[com.onesignal:OneSignal:4.8.2] AndroidManifest.xml:50:9-61:20
266            android:name="com.onesignal.FCMBroadcastReceiver"
266-->[com.onesignal:OneSignal:4.8.2] AndroidManifest.xml:51:13-62
267            android:exported="true"
267-->[com.onesignal:OneSignal:4.8.2] AndroidManifest.xml:52:13-36
268            android:permission="com.google.android.c2dm.permission.SEND" >
268-->[com.onesignal:OneSignal:4.8.2] AndroidManifest.xml:53:13-73
269
270            <!-- High priority so OneSignal payloads can be filtered from other FCM receivers -->
271            <intent-filter android:priority="999" >
271-->[com.onesignal:OneSignal:4.8.2] AndroidManifest.xml:56:13-60:29
271-->[com.onesignal:OneSignal:4.8.2] AndroidManifest.xml:56:28-50
272                <action android:name="com.google.android.c2dm.intent.RECEIVE" />
272-->[com.onesignal:OneSignal:4.8.2] AndroidManifest.xml:57:17-81
272-->[com.onesignal:OneSignal:4.8.2] AndroidManifest.xml:57:25-78
273
274                <category android:name="com.mothering.leads" />
274-->[com.onesignal:OneSignal:4.8.2] AndroidManifest.xml:59:17-61
274-->[com.onesignal:OneSignal:4.8.2] AndroidManifest.xml:59:27-58
275            </intent-filter>
276        </receiver>
277
278        <service
278-->[com.onesignal:OneSignal:4.8.2] AndroidManifest.xml:63:9-69:19
279            android:name="com.onesignal.HmsMessageServiceOneSignal"
279-->[com.onesignal:OneSignal:4.8.2] AndroidManifest.xml:64:13-68
280            android:exported="false" >
280-->[com.onesignal:OneSignal:4.8.2] AndroidManifest.xml:65:13-37
281            <intent-filter>
281-->[com.onesignal:OneSignal:4.8.2] AndroidManifest.xml:66:13-68:29
282                <action android:name="com.huawei.push.action.MESSAGING_EVENT" />
282-->[com.onesignal:OneSignal:4.8.2] AndroidManifest.xml:67:17-81
282-->[com.onesignal:OneSignal:4.8.2] AndroidManifest.xml:67:25-78
283            </intent-filter>
284        </service>
285
286        <activity
286-->[com.onesignal:OneSignal:4.8.2] AndroidManifest.xml:71:9-79:20
287            android:name="com.onesignal.NotificationOpenedActivityHMS"
287-->[com.onesignal:OneSignal:4.8.2] AndroidManifest.xml:72:13-71
288            android:exported="true"
288-->[com.onesignal:OneSignal:4.8.2] AndroidManifest.xml:73:13-36
289            android:noHistory="true"
289-->[com.onesignal:OneSignal:4.8.2] AndroidManifest.xml:74:13-37
290            android:theme="@android:style/Theme.Translucent.NoTitleBar" >
290-->[com.onesignal:OneSignal:4.8.2] AndroidManifest.xml:75:13-72
291            <intent-filter>
291-->[com.onesignal:OneSignal:4.8.2] AndroidManifest.xml:76:13-78:29
292                <action android:name="android.intent.action.VIEW" />
292-->src\main\AndroidManifest.xml:7:9-61
292-->src\main\AndroidManifest.xml:7:17-58
293            </intent-filter>
294        </activity>
295
296        <service
296-->[com.onesignal:OneSignal:4.8.2] AndroidManifest.xml:81:9-83:40
297            android:name="com.onesignal.FCMIntentService"
297-->[com.onesignal:OneSignal:4.8.2] AndroidManifest.xml:82:13-58
298            android:exported="false" />
298-->[com.onesignal:OneSignal:4.8.2] AndroidManifest.xml:83:13-37
299        <service
299-->[com.onesignal:OneSignal:4.8.2] AndroidManifest.xml:84:9-87:72
300            android:name="com.onesignal.FCMIntentJobService"
300-->[com.onesignal:OneSignal:4.8.2] AndroidManifest.xml:85:13-61
301            android:exported="false"
301-->[com.onesignal:OneSignal:4.8.2] AndroidManifest.xml:86:13-37
302            android:permission="android.permission.BIND_JOB_SERVICE" />
302-->[com.onesignal:OneSignal:4.8.2] AndroidManifest.xml:87:13-69
303        <service
303-->[com.onesignal:OneSignal:4.8.2] AndroidManifest.xml:88:9-91:43
304            android:name="com.onesignal.SyncService"